<?xml version="1.0" encoding="UTF-8"?>
<!-- Generated by org.testng.reporters.JUnitReportReporter -->
<testsuite skipped="0" hostname="DESKTOP-SBSOGC5" name="c1.NewTestNGTest" tests="2" failures="0" timestamp="04 sie 2018 17:34:35 GMT" time="78.064" errors="0">
  <testcase name="TestChrome1" time="38.981" classname="c1.NewTestNGTest"/>
  <testcase name="TestFireFox1" time="39.083" classname="c1.NewTestNGTest"/>
</testsuite> <!-- c1.NewTestNGTest -->
