<?xml version="1.0" encoding="UTF-8"?>
<!-- Generated by org.testng.reporters.JUnitReportReporter -->
<testsuite skipped="0" hostname="DESKTOP-SBSOGC5" name="c1.NewTestNGTest" tests="2" failures="0" timestamp="04 sie 2018 16:31:16 GMT" time="72.603" errors="0">
  <testcase name="TestFireFox1" time="37.566" classname="c1.NewTestNGTest"/>
  <testcase name="TestChrome1" time="35.037" classname="c1.NewTestNGTest"/>
</testsuite> <!-- c1.NewTestNGTest -->
